Using pre-set license
Built from '2020.3/staging' branch; Version is '2020.3.26f1 (7298b473bc1a) revision 7510196'; Using compiler version '192528614'; Build Type 'Release'
OS: 'Windows 10  (10.0.19044) 64bit Core' Language: 'en' Physical Memory: 16193 MB
BatchMode: 1, IsHumanControllingUs: 0, StartBugReporterOnCrash: 0, Is64bit: 1, IsPro: 0

COMMAND LINE ARGUMENTS:
C:\Program Files\Unity\Hub\Editor\2020.3.26f1\Editor\Unity.exe
-adb2
-batchMode
-noUpm
-name
AssetImportWorker2
-projectPath
C:/Users/ayush/Documents/GitHub/golivott_se2250b_ProjectUnityRPG/RPG-Unity
-logFile
Logs/AssetImportWorker2.log
-srvPort
64185
Successfully changed project path to: C:/Users/ayush/Documents/GitHub/golivott_se2250b_ProjectUnityRPG/RPG-Unity
C:/Users/ayush/Documents/GitHub/golivott_se2250b_ProjectUnityRPG/RPG-Unity
Using Asset Import Pipeline V2.
